Hmm ... looks like a package
This is pdfTeX, Version 3.1415926-2.5-1.40.14 (TeX Live 2013/Debian)
 restricted \write18 enabled.
entering extended mode
(./Rd2.tex
LaTeX2e <2011/06/27>
Babel <3.9h> and hyphenation patterns for 2 languages loaded.

(/usr/share/texlive/texmf-dist/tex/latex/base/book.cls
Document Class: book 2007/10/19 v1.4h Standard LaTeX document class
(/usr/share/texlive/texmf-dist/tex/latex/base/bk10.clo))
(/usr/share/R/share/texmf/tex/latex/Rd.sty
(/usr/share/texlive/texmf-dist/tex/latex/base/ifthen.sty)
(/usr/share/texlive/texmf-dist/tex/latex/tools/longtable.sty)
(/usr/share/texlive/texmf-dist/tex/latex/tools/bm.sty)
(/usr/share/texlive/texmf-dist/tex/latex/base/alltt.sty)
(/usr/share/texlive/texmf-dist/tex/latex/tools/verbatim.sty)
(/usr/share/texlive/texmf-dist/tex/latex/url/url.sty)
(/usr/share/texlive/texmf-dist/tex/latex/base/textcomp.sty
(/usr/share/texlive/texmf-dist/tex/latex/base/ts1enc.def))
(/usr/share/texlive/texmf-dist/tex/latex/base/fontenc.sty
(/usr/share/texlive/texmf-dist/tex/latex/base/t1enc.def))
(/usr/share/texlive/texmf-dist/tex/latex/psnfss/times.sty))
(/usr/share/texlive/texmf-dist/tex/latex/base/inputenc.sty
(/usr/share/texlive/texmf-dist/tex/latex/base/utf8.def
(/usr/share/texlive/texmf-dist/tex/latex/base/t1enc.dfu)
(/usr/share/texlive/texmf-dist/tex/latex/base/ot1enc.dfu)
(/usr/share/texlive/texmf-dist/tex/latex/base/omsenc.dfu)
(/usr/share/texlive/texmf-dist/tex/latex/base/ts1enc.dfu))
(/usr/share/texlive/texmf-dist/tex/latex/base/latin1.def))
No file Rd2.aux.
(/usr/share/texlive/texmf-dist/tex/latex/base/ts1cmr.fd)
(/usr/share/texlive/texmf-dist/tex/latex/psnfss/t1ptm.fd)
(/usr/share/texlive/texmf-dist/tex/latex/psnfss/t1pcr.fd)
(/usr/share/texlive/texmf-dist/tex/latex/psnfss/ts1ptm.fd)
(/usr/share/texlive/texmf-dist/tex/latex/psnfss/t1phv.fd)
No file Rd2.toc.
(/usr/share/texlive/texmf-dist/tex/latex/base/utf8.def) [1{/var/lib/texmf/fonts
/map/pdftex/updmap/pdftex.map}]
Underfull \hbox (badness 10000) in paragraph at lines 36--38

(/usr/share/texlive/texmf-dist/tex/latex/base/utf8.def) [2]
(/usr/share/texlive/texmf-dist/tex/latex/psnfss/ts1pcr.fd)
Overfull \hbox (376.98001pt too wide) in paragraph at lines 113--113
 []\T1/pcr/m/n/9 #lln  <- get.effdis.t2.data(which.dsn=\TS1/pcr/m/n/9 '\T1/pcr/
m/n/9 effdis-tuna-cc1\TS1/pcr/m/n/9 '\T1/pcr/m/n/9 ,which.gear=\TS1/pcr/m/n/9 '
\T1/pcr/m/n/9 LL\TS1/pcr/m/n/9 '\T1/pcr/m/n/9 ,which.flag=\TS1/pcr/m/n/9 '\T1/p
cr/m/n/9 Brasil\TS1/pcr/m/n/9 '\T1/pcr/m/n/9 ,which.dsettype = \TS1/pcr/m/n/9 '
\T1/pcr/m/n/9 n-\TS1/pcr/m/n/9 '\T1/pcr/m/n/9 ) # Get data from cloud server[] 


Overfull \hbox (15.18042pt too wide) in paragraph at lines 123--123
 []    \T1/pcr/m/n/9 chan <- odbcConnect(what.dsn, case = "postgresql", believe
NRows = FALSE)[] 
[3]
Overfull \hbox (403.97998pt too wide) in paragraph at lines 124--124
 []    \T1/pcr/m/n/9 t2ce_distinct_locations_covariates <- sqlQuery(chan, "SELE
CT *, ST_AsText(the_geom_4326) AS the_point from t2ce_distinct_locations_covari
ates;")[] 

Overfull \hbox (133.98029pt too wide) in paragraph at lines 125--125
 []    \T1/pcr/m/n/9 tdlc <- SpatialPointsDataFrame(cbind(x = an(ac(t2ce_distin
ct_locations_covariates$longitude)),[] 

Overfull \hbox (9.78043pt too wide) in paragraph at lines 134--134
 []    \T1/pcr/m/n/9 input$aq_prim_pro <- tdlc@data$aq_prim_pro[match(paste(inp
ut$longitude,[] 
(/usr/share/texlive/texmf-dist/tex/latex/base/utf8.def)
Overfull \hbox (24.78088pt too wide) in paragraph at lines 154--154
 []\T1/pcr/m/n/10 aggt2data(input = lllf, what.flag = "Japan", what.effort = "N
O.HOOKS")[] 

Overfull \hbox (484.97989pt too wide) in paragraph at lines 179--179
 []\T1/pcr/m/n/9 #totals <- agg2data(input=lllf,what.flag="Chinese Taipei", wha
t.effort = "NO.HOOKS") # Total catches by location, year, month and species for
 selected flag country[] 
[4]
Overfull \hbox (106.98032pt too wide) in paragraph at lines 187--187
 []    \T1/pcr/m/n/9 allt2 <- aggregate(list(eff = input_kgs$eff1, measured_cat
ch = input_kgs$measured_catch),[] 

Overfull \hbox (9.78043pt too wide) in paragraph at lines 189--189
 []            \T1/pcr/m/n/9 longitude = input_kgs$longitude, latitude = input_
kgs$latitude,[] 
(/usr/share/texlive/texmf-dist/tex/latex/base/utf8.def) [5]
Overfull \hbox (160.98026pt too wide) in paragraph at lines 240--240
 []\T1/pcr/m/n/9 #lllf <- convert2long.format.t2(input =ll1) # Convert longline
 data in the short format to long format.[] 

Overfull \hbox (25.98041pt too wide) in paragraph at lines 247--247
 []        \T1/pcr/m/n/9 month = tdata$month, region = tdata$region, flagname =
 tdata$flagname,[] 

Overfull \hbox (36.7804pt too wide) in paragraph at lines 250--250
 []        \T1/pcr/m/n/9 eff1 = tdata$eff1, eff1type = tdata$eff1type, dsettype
 = tdata$dsettype,[] 

Overfull \hbox (9.78043pt too wide) in paragraph at lines 252--252
 []        \T1/pcr/m/n/9 bet = tdata$bet, skj = tdata$skj, yft = tdata$yft, swo
 = tdata$swo,[] 

Overfull \hbox (42.18039pt too wide) in paragraph at lines 253--253
 []        \T1/pcr/m/n/9 bum = tdata$bum, sai = tdata$sai, whm = tdata$whm, tot
9sp = tdata$totsp9)[] 
(/usr/share/texlive/texmf-dist/tex/latex/base/utf8.def) [6]
Overfull \hbox (349.98004pt too wide) in paragraph at lines 309--309
 []\T1/pcr/m/n/9 #llnw <- get.effdis.t2.data(which.dsn=\TS1/pcr/m/n/9 '\T1/pcr/
m/n/9 effdis-tuna-cc1\TS1/pcr/m/n/9 '\T1/pcr/m/n/9 ,which.gear=\TS1/pcr/m/n/9 '
\T1/pcr/m/n/9 LL\TS1/pcr/m/n/9 '\T1/pcr/m/n/9 ,which.flag=\TS1/pcr/m/n/9 '\T1/p
cr/m/n/9 All\TS1/pcr/m/n/9 '\T1/pcr/m/n/9 ,which.dsettype = \TS1/pcr/m/n/9 '\T1
/pcr/m/n/9 nw\TS1/pcr/m/n/9 '\T1/pcr/m/n/9 ) # Get data from PostgreSQL[] 
[7]
Overfull \hbox (9.78043pt too wide) in paragraph at lines 347--347
 []    \T1/pcr/m/n/9 input.spdf <- SpatialPointsDataFrame(cbind(x = an(ac(input
$longitude)),[] 
(/usr/share/texlive/texmf-dist/tex/latex/base/utf8.def)
Overfull \hbox (336.78088pt too wide) in paragraph at lines 377--377
 []\T1/pcr/m/n/10 fit2stageGAMtoCatch(input = pslf, which.species = "bft", star
t.year = 1950, end.year = 2015, which.flag = "Japan", kk = 6)[] 
[8]
Overfull \hbox (187.98022pt too wide) in paragraph at lines 426--426
 []\T1/pcr/m/n/9 #alb <- fit2stageGAMtoCatch(input=lllf,which.flag=\TS1/pcr/m/n
/9 '\T1/pcr/m/n/9 Japan\TS1/pcr/m/n/9 '\T1/pcr/m/n/9 ,which.species=\TS1/pcr/m/
n/9 '\T1/pcr/m/n/9 alb\TS1/pcr/m/n/9 '\T1/pcr/m/n/9 ,start.year=1995,end.year=2
010)[] 
[9] (/usr/share/texlive/texmf-dist/tex/latex/base/utf8.def)
Underfull \vbox (badness 10000) has occurred while \output is active [10]
Overfull \hbox (330.78088pt too wide) in paragraph at lines 513--513
 []\T1/pcr/m/n/10 fitGAMtoEffort(input = lllf, which.flag = "Japan", which.effo
rt = "NO.HOOKS", start.year = 1950, end.year = 2010, kk = 6)[] 

Overfull \hbox (268.98013pt too wide) in paragraph at lines 565--565
 []\T1/pcr/m/n/9 emod <- fitGAMtoEffort(input=lllf,which.flag=\TS1/pcr/m/n/9 '\
T1/pcr/m/n/9 Japan\TS1/pcr/m/n/9 '\T1/pcr/m/n/9 ,which.effort=\TS1/pcr/m/n/9 '\
T1/pcr/m/n/9 NO.HOOKS\TS1/pcr/m/n/9 '\T1/pcr/m/n/9 ,start.year=1970,end.year=20
10,which.gam=\TS1/pcr/m/n/9 '\T1/pcr/m/n/9 gam\TS1/pcr/m/n/9 '\T1/pcr/m/n/9 )[]
 
[11]
Overfull \hbox (42.18039pt too wide) in paragraph at lines 586--586
 []    \T1/pcr/m/n/9 input2 <- aggregate(list(eff1 = input1$eff1), by = list(tr
end = input1$trend,[] 

Overfull \hbox (79.98035pt too wide) in paragraph at lines 587--587
 []        \T1/pcr/m/n/9 month = input1$month, longitude = input1$longitude, la
titude = input1$latitude),[] 

Overfull \hbox (101.58032pt too wide) in paragraph at lines 604--604
 []        \T1/pcr/m/n/9 sin3 + cos3 + sin4 + cos4 + sin5 + cos5 + cos6, family
 = quasipoisson(link = "log"),[] 
(/usr/share/texlive/texmf-dist/tex/latex/base/utf8.def) [12]
Overfull \hbox (390.78088pt too wide) in paragraph at lines 622--622
 []\T1/pcr/m/n/10 get.effdis.t1.data(which.dsn = "effdis-tuna-cc1", which.gear 
= "LL", which.region = "AT", which.flag = "All", which.datatype = "C")[] 

Overfull \hbox (220.38019pt too wide) in paragraph at lines 682--682
 []\T1/pcr/m/n/9 #ll.t1 <- get.effdis.t1.data.r(which.dsn=\TS1/pcr/m/n/9 '\T1/p
cr/m/n/9 effdis-tuna-cc1\TS1/pcr/m/n/9 '\T1/pcr/m/n/9 ,which.gear = \TS1/pcr/m/
n/9 '\T1/pcr/m/n/9 LL\TS1/pcr/m/n/9 '\T1/pcr/m/n/9 ,which.region=\TS1/pcr/m/n/9
 '\T1/pcr/m/n/9 AT\TS1/pcr/m/n/9 '\T1/pcr/m/n/9 ,which.flag=\TS1/pcr/m/n/9 '\T1
/pcr/m/n/9 Japan\TS1/pcr/m/n/9 '\T1/pcr/m/n/9 )[] 
(/usr/share/texlive/texmf-dist/tex/latex/base/utf8.def) [13]
Overfull \hbox (396.78088pt too wide) in paragraph at lines 698--698
 []\T1/pcr/m/n/10 get.effdis.t2.data(which.dsn = "effdis-tuna-cc1", which.gear 
= "LL", which.region = "AT", which.flag = "All", which.dsettype = "-w")[] 

Overfull \hbox (204.1802pt too wide) in paragraph at lines 757--757
 []\T1/pcr/m/n/9 #llnw <- get.effdis.t2.data(which.dsn=\TS1/pcr/m/n/9 '\T1/pcr/
m/n/9 effdis-tuna-cc1\TS1/pcr/m/n/9 '\T1/pcr/m/n/9 ,which.gear=\TS1/pcr/m/n/9 '
\T1/pcr/m/n/9 LL\TS1/pcr/m/n/9 '\T1/pcr/m/n/9 ,which.flag=\TS1/pcr/m/n/9 '\T1/p
cr/m/n/9 All\TS1/pcr/m/n/9 '\T1/pcr/m/n/9 ,which.dsettype = \TS1/pcr/m/n/9 '\T1
/pcr/m/n/9 nw\TS1/pcr/m/n/9 '\T1/pcr/m/n/9 )[] 
(/usr/share/texlive/texmf-dist/tex/latex/base/utf8.def) [14]
(/usr/share/texlive/texmf-dist/tex/latex/base/utf8.def) [15]
Overfull \hbox (48.78088pt too wide) in paragraph at lines 819--819
 []\T1/pcr/m/n/10 model.nos.kgs(input = pslf, which.dsn = "effdis-local", which
.gear = "LL")[] 

Overfull \hbox (69.18036pt too wide) in paragraph at lines 847--847
 []        \T1/pcr/m/n/9 by = list(trend = input$trend, month = input$month, fl
agname = input$flagname,[] 

Overfull \hbox (25.98041pt too wide) in paragraph at lines 856--856
 []    \T1/pcr/m/n/9 xyplot(log(measured_catch_kg) ~ log(measured_catch_nr), gr
oups = flagname,[] 

Overfull \hbox (47.58038pt too wide) in paragraph at lines 866--866
 []    \T1/pcr/m/n/9 m3 <- lm(lkg ~ lnr + trend + species, data = pp0_kg_nr, na
.action = "na.omit")[] 
(/usr/share/texlive/texmf-dist/tex/latex/base/utf8.def) [16]
Overfull \hbox (528.78088pt too wide) in paragraph at lines 880--880
 []\T1/pcr/m/n/10 plot.mods(input = bft.aa, cmod = bft, which.year = 1995, whic
h.month = 1, grid.res = 5, which.value = "prob", which.gear = "PS", plot.sample
s.only = TRUE)[] 

Overfull \hbox (58.38037pt too wide) in paragraph at lines 921--921
 []    \T1/pcr/m/n/9 grid.res = 5, which.value = "prob", which.gear = "PS", plo
t.samples.only = TRUE)[] 

Overfull \hbox (63.78036pt too wide) in paragraph at lines 943--943
 []        \T1/pcr/m/n/9 title(paste(toupper(which.species), "-", which.value, 
month.abb[which.month],[] 
[17]
Overfull \hbox (15.18042pt too wide) in paragraph at lines 954--954
 []        \T1/pcr/m/n/9 image(lonnie, lattie, matrix(log(input[, which.value])
[input$year ==[] 

Overfull \hbox (25.98041pt too wide) in paragraph at lines 957--957
 []        \T1/pcr/m/n/9 contour(lonnie, lattie, matrix(log(input[, which.value
])[input$year ==[] 

Overfull \hbox (63.78036pt too wide) in paragraph at lines 961--961
 []        \T1/pcr/m/n/9 title(paste(toupper(which.species), "-", which.value, 
month.abb[which.month],[] 
(/usr/share/texlive/texmf-dist/tex/latex/base/utf8.def)
Overfull \hbox (438.78088pt too wide) in paragraph at lines 978--978
 []\T1/pcr/m/n/10 predict.effdis.t2.data(cmod = mods, effmod = emod, grid.res =
 5, start.year = 1995, end.year = 2010, which.flag = "All", which.gear = "LL")[
] 
[18]
Overfull \hbox (31.3804pt too wide) in paragraph at lines 1035--1035
 []        \T1/pcr/m/n/9 latitude = rep(grd$latitude, ltrnd), which.ocean = rep
(grd$which.ocean,[] 

Underfull \vbox (badness 3803) has occurred while \output is active [19]
(/usr/share/texlive/texmf-dist/tex/latex/base/utf8.def) [20]
(/usr/share/texlive/texmf-dist/tex/latex/base/utf8.def)
Overfull \hbox (492.78088pt too wide) in paragraph at lines 1134--1134
 []\T1/pcr/m/n/10 spatial.coverage.by.year.task2(tdata = t2ce, start.year = 195
0, end.year = 2010, which.region = "AT", which.gear = "LL", which.flag = "EU.Po
rtugal")[] 

Overfull \hbox (36.7804pt too wide) in paragraph at lines 1168--1168
 []\T1/pcr/m/n/9 function (tdata = t2ce, start.year = 1950, end.year = 2010, wh
ich.region = "AT",[] 
[21] (/usr/share/texlive/texmf-dist/tex/latex/base/utf8.def)
Overfull \hbox (654.78088pt too wide) in paragraph at lines 1206--1206
 []\T1/pcr/m/n/10 three.d.catch.by.year(tdata = task2.lf, what.gear = "LL", wha
t.year = 2005, gridx = 5, gridy = 5, what.species = "alb", what.flag = "All", c
atchunit = "kg", scaling.f = 1e+06)[] 

Overfull \hbox (4.38043pt too wide) in paragraph at lines 1255--1255
 []            \T1/pcr/m/n/9 13 & tdata$year == what.year & tdata$species == wh
at.species &[] 
[22]
Overfull \hbox (4.38043pt too wide) in paragraph at lines 1260--1260
 []            \T1/pcr/m/n/9 13 & tdata$year == what.year & tdata$species == wh
at.species &[] 

Overfull \hbox (15.18042pt too wide) in paragraph at lines 1270--1270
 []        \T1/pcr/m/n/9 coords <- SpatialPointsDataFrame(cbind(x = an(ac(tdata
1$longitude)),[] 

Overfull \hbox (15.18042pt too wide) in paragraph at lines 1273--1273
 []        \T1/pcr/m/n/9 geogWGS84 <- CRS("+proj=longlat +ellps=WGS84 +datum=WG
S84 +no_defs")[] 

Overfull \hbox (20.58041pt too wide) in paragraph at lines 1292--1292
 []            \T1/pcr/m/n/9 ceiling(range(bbox["x", ])[2])), yrange = c(floor(
range(bbox["y",[] 

Overfull \hbox (4.38043pt too wide) in paragraph at lines 1300--1300
 []        \T1/pcr/m/n/9 grd@data[names(table(idx)), 1] <- aggregate(tdata1$mea
sured_catch,[] 

Overfull \hbox (52.98038pt too wide) in paragraph at lines 1309--1309
 []        \T1/pcr/m/n/9 plot(1, 1, col = "white", xlim = spatBound$xrange, yli
m = spatBound$yrange,[] 

Underfull \vbox (badness 10000) has occurred while \output is active [23]
Overfull \hbox (85.38034pt too wide) in paragraph at lines 1311--1311
 []            \T1/pcr/m/n/9 cex.lab = xl$cex, font = xl$font, asp = 1/lonLatRa
tio(mean(spatBound$xrange),[] 

Overfull \hbox (42.18039pt too wide) in paragraph at lines 1314--1314
 []        \T1/pcr/m/n/9 grdPols <- lonLat2SpatialPolygons(lst = lapply(as.list
(1:nrow(coordGrd)),[] 

Overfull \hbox (15.18042pt too wide) in paragraph at lines 1333--1333
 []        \T1/pcr/m/n/9 grdPolsDF@data <- data.frame(value = grd@data[an(names
(table(idx))),[] 
(/usr/share/texlive/texmf-dist/tex/latex/base/utf8.def)
Overfull \hbox (576.78088pt too wide) in paragraph at lines 1347--1347
 []\T1/pcr/m/n/10 three.d.effort.by.year(tdata = task2.lf, what.gear = "LL", wh
at.year = 2005, gridx = 5, gridy = 5, effort.type = "NO.HOOKS", what.flag = "Al
l", scaling.f = 1e+06)[] 
[24]
Overfull \hbox (15.18042pt too wide) in paragraph at lines 1413--1413
 []        \T1/pcr/m/n/9 coords <- SpatialPointsDataFrame(cbind(x = an(ac(tdata
2$longitude)),[] 

Overfull \hbox (15.18042pt too wide) in paragraph at lines 1416--1416
 []        \T1/pcr/m/n/9 geogWGS84 <- CRS("+proj=longlat +ellps=WGS84 +datum=WG
S84 +no_defs")[] 

Underfull \vbox (badness 3803) has occurred while \output is active [25]
Overfull \hbox (20.58041pt too wide) in paragraph at lines 1435--1435
 []            \T1/pcr/m/n/9 ceiling(range(bbox["x", ])[2])), yrange = c(floor(
range(bbox["y",[] 

Overfull \hbox (52.98038pt too wide) in paragraph at lines 1452--1452
 []        \T1/pcr/m/n/9 plot(1, 1, col = "white", xlim = spatBound$xrange, yli
m = spatBound$yrange,[] 

Overfull \hbox (85.38034pt too wide) in paragraph at lines 1454--1454
 []            \T1/pcr/m/n/9 cex.lab = xl$cex, font = xl$font, asp = 1/lonLatRa
tio(mean(spatBound$xrange),[] 

Overfull \hbox (42.18039pt too wide) in paragraph at lines 1457--1457
 []        \T1/pcr/m/n/9 grdPols <- lonLat2SpatialPolygons(lst = lapply(as.list
(1:nrow(coordGrd)),[] 

Overfull \hbox (15.18042pt too wide) in paragraph at lines 1476--1476
 []        \T1/pcr/m/n/9 grdPolsDF@data <- data.frame(value = grd@data[an(names
(table(idx))),[] 
(/usr/share/texlive/texmf-dist/tex/latex/base/utf8.def) [26]
(/usr/share/texlive/texmf-dist/tex/latex/base/utf8.def)
Overfull \hbox (450.78088pt too wide) in paragraph at lines 1530--1530
 []\T1/pcr/m/n/10 yr.month.coverage.task2(tdata = t2ce, start.year = 1950, end.
year = 2010, which.gear = "LL", which.region = "AT", which.flag = "EU.Portugal"
)[] 

Overfull \hbox (25.98041pt too wide) in paragraph at lines 1564--1564
 []\T1/pcr/m/n/9 function (tdata = t2ce, start.year = 1950, end.year = 2010, wh
ich.gear = "LL",[] 
[27]
Overfull \hbox (96.18033pt too wide) in paragraph at lines 1592--1592
 []        \T1/pcr/m/n/9 axis(side = 1, at = start.year:end.year, label = as.ch
aracter(start.year:end.year))[] 
[28] (./Rd2.aux) )
(see the transcript file for additional information){/usr/share/texlive/texmf-d
ist/fonts/enc/dvips/base/8r.enc}</usr/share/texlive/texmf-dist/fonts/type1/urw/
courier/ucrr8a.pfb></usr/share/texlive/texmf-dist/fonts/type1/urw/helvetic/uhvr
8a.pfb></usr/share/texlive/texmf-dist/fonts/type1/urw/times/utmb8a.pfb></usr/sh
are/texlive/texmf-dist/fonts/type1/urw/times/utmr8a.pfb></usr/share/texlive/tex
mf-dist/fonts/type1/urw/times/utmr8a.pfb></usr/share/texlive/texmf-dist/fonts/t
ype1/urw/times/utmri8a.pfb>
Output written on Rd2.pdf (28 pages, 116512 bytes).
Transcript written on Rd2.log.
This is pdfTeX, Version 3.1415926-2.5-1.40.14 (TeX Live 2013/Debian)
 restricted \write18 enabled.
entering extended mode
(./Rd2.tex
LaTeX2e <2011/06/27>
Babel <3.9h> and hyphenation patterns for 2 languages loaded.

(/usr/share/texlive/texmf-dist/tex/latex/base/book.cls
Document Class: book 2007/10/19 v1.4h Standard LaTeX document class
(/usr/share/texlive/texmf-dist/tex/latex/base/bk10.clo))
(/usr/share/R/share/texmf/tex/latex/Rd.sty
(/usr/share/texlive/texmf-dist/tex/latex/base/ifthen.sty)
(/usr/share/texlive/texmf-dist/tex/latex/tools/longtable.sty)
(/usr/share/texlive/texmf-dist/tex/latex/tools/bm.sty)
(/usr/share/texlive/texmf-dist/tex/latex/base/alltt.sty)
(/usr/share/texlive/texmf-dist/tex/latex/tools/verbatim.sty)
(/usr/share/texlive/texmf-dist/tex/latex/url/url.sty)
(/usr/share/texlive/texmf-dist/tex/latex/base/textcomp.sty
(/usr/share/texlive/texmf-dist/tex/latex/base/ts1enc.def))
(/usr/share/texlive/texmf-dist/tex/latex/base/fontenc.sty
(/usr/share/texlive/texmf-dist/tex/latex/base/t1enc.def))
(/usr/share/texlive/texmf-dist/tex/latex/psnfss/times.sty))
(/usr/share/texlive/texmf-dist/tex/latex/base/inputenc.sty
(/usr/share/texlive/texmf-dist/tex/latex/base/utf8.def
(/usr/share/texlive/texmf-dist/tex/latex/base/t1enc.dfu)
(/usr/share/texlive/texmf-dist/tex/latex/base/ot1enc.dfu)
(/usr/share/texlive/texmf-dist/tex/latex/base/omsenc.dfu)
(/usr/share/texlive/texmf-dist/tex/latex/base/ts1enc.dfu))
(/usr/share/texlive/texmf-dist/tex/latex/base/latin1.def)) (./Rd2.aux)
(/usr/share/texlive/texmf-dist/tex/latex/base/ts1cmr.fd)
(/usr/share/texlive/texmf-dist/tex/latex/psnfss/t1ptm.fd)
(/usr/share/texlive/texmf-dist/tex/latex/psnfss/t1pcr.fd)
(/usr/share/texlive/texmf-dist/tex/latex/psnfss/ts1ptm.fd)
(/usr/share/texlive/texmf-dist/tex/latex/psnfss/t1phv.fd) (./Rd2.toc [1{/var/li
b/texmf/fonts/map/pdftex/updmap/pdftex.map}])
(/usr/share/texlive/texmf-dist/tex/latex/base/utf8.def)
Underfull \hbox (badness 10000) in paragraph at lines 36--38

[2] (/usr/share/texlive/texmf-dist/tex/latex/base/utf8.def) [3]
(/usr/share/texlive/texmf-dist/tex/latex/psnfss/ts1pcr.fd)
Overfull \hbox (376.98001pt too wide) in paragraph at lines 113--113
 []\T1/pcr/m/n/9 #lln  <- get.effdis.t2.data(which.dsn=\TS1/pcr/m/n/9 '\T1/pcr/
m/n/9 effdis-tuna-cc1\TS1/pcr/m/n/9 '\T1/pcr/m/n/9 ,which.gear=\TS1/pcr/m/n/9 '
\T1/pcr/m/n/9 LL\TS1/pcr/m/n/9 '\T1/pcr/m/n/9 ,which.flag=\TS1/pcr/m/n/9 '\T1/p
cr/m/n/9 Brasil\TS1/pcr/m/n/9 '\T1/pcr/m/n/9 ,which.dsettype = \TS1/pcr/m/n/9 '
\T1/pcr/m/n/9 n-\TS1/pcr/m/n/9 '\T1/pcr/m/n/9 ) # Get data from cloud server[] 


Overfull \hbox (15.18042pt too wide) in paragraph at lines 123--123
 []    \T1/pcr/m/n/9 chan <- odbcConnect(what.dsn, case = "postgresql", believe
NRows = FALSE)[] 

Overfull \hbox (403.97998pt too wide) in paragraph at lines 124--124
 []    \T1/pcr/m/n/9 t2ce_distinct_locations_covariates <- sqlQuery(chan, "SELE
CT *, ST_AsText(the_geom_4326) AS the_point from t2ce_distinct_locations_covari
ates;")[] 

Overfull \hbox (133.98029pt too wide) in paragraph at lines 125--125
 []    \T1/pcr/m/n/9 tdlc <- SpatialPointsDataFrame(cbind(x = an(ac(t2ce_distin
ct_locations_covariates$longitude)),[] 

Overfull \hbox (9.78043pt too wide) in paragraph at lines 134--134
 []    \T1/pcr/m/n/9 input$aq_prim_pro <- tdlc@data$aq_prim_pro[match(paste(inp
ut$longitude,[] 
(/usr/share/texlive/texmf-dist/tex/latex/base/utf8.def)
Overfull \hbox (24.78088pt too wide) in paragraph at lines 154--154
 []\T1/pcr/m/n/10 aggt2data(input = lllf, what.flag = "Japan", what.effort = "N
O.HOOKS")[] 
[4]
Overfull \hbox (484.97989pt too wide) in paragraph at lines 179--179
 []\T1/pcr/m/n/9 #totals <- agg2data(input=lllf,what.flag="Chinese Taipei", wha
t.effort = "NO.HOOKS") # Total catches by location, year, month and species for
 selected flag country[] 

Overfull \hbox (106.98032pt too wide) in paragraph at lines 187--187
 []    \T1/pcr/m/n/9 allt2 <- aggregate(list(eff = input_kgs$eff1, measured_cat
ch = input_kgs$measured_catch),[] 

Overfull \hbox (9.78043pt too wide) in paragraph at lines 189--189
 []            \T1/pcr/m/n/9 longitude = input_kgs$longitude, latitude = input_
kgs$latitude,[] 
(/usr/share/texlive/texmf-dist/tex/latex/base/utf8.def) [5]
Overfull \hbox (160.98026pt too wide) in paragraph at lines 240--240
 []\T1/pcr/m/n/9 #lllf <- convert2long.format.t2(input =ll1) # Convert longline
 data in the short format to long format.[] 

Overfull \hbox (25.98041pt too wide) in paragraph at lines 247--247
 []        \T1/pcr/m/n/9 month = tdata$month, region = tdata$region, flagname =
 tdata$flagname,[] 

Overfull \hbox (36.7804pt too wide) in paragraph at lines 250--250
 []        \T1/pcr/m/n/9 eff1 = tdata$eff1, eff1type = tdata$eff1type, dsettype
 = tdata$dsettype,[] 

Overfull \hbox (9.78043pt too wide) in paragraph at lines 252--252
 []        \T1/pcr/m/n/9 bet = tdata$bet, skj = tdata$skj, yft = tdata$yft, swo
 = tdata$swo,[] 

Overfull \hbox (42.18039pt too wide) in paragraph at lines 253--253
 []        \T1/pcr/m/n/9 bum = tdata$bum, sai = tdata$sai, whm = tdata$whm, tot
9sp = tdata$totsp9)[] 
(/usr/share/texlive/texmf-dist/tex/latex/base/utf8.def) [6]
Overfull \hbox (349.98004pt too wide) in paragraph at lines 309--309
 []\T1/pcr/m/n/9 #llnw <- get.effdis.t2.data(which.dsn=\TS1/pcr/m/n/9 '\T1/pcr/
m/n/9 effdis-tuna-cc1\TS1/pcr/m/n/9 '\T1/pcr/m/n/9 ,which.gear=\TS1/pcr/m/n/9 '
\T1/pcr/m/n/9 LL\TS1/pcr/m/n/9 '\T1/pcr/m/n/9 ,which.flag=\TS1/pcr/m/n/9 '\T1/p
cr/m/n/9 All\TS1/pcr/m/n/9 '\T1/pcr/m/n/9 ,which.dsettype = \TS1/pcr/m/n/9 '\T1
/pcr/m/n/9 nw\TS1/pcr/m/n/9 '\T1/pcr/m/n/9 ) # Get data from PostgreSQL[] 
[7]
Overfull \hbox (9.78043pt too wide) in paragraph at lines 347--347
 []    \T1/pcr/m/n/9 input.spdf <- SpatialPointsDataFrame(cbind(x = an(ac(input
$longitude)),[] 
(/usr/share/texlive/texmf-dist/tex/latex/base/utf8.def)
Underfull \vbox (badness 2351) has occurred while \output is active [8]
Overfull \hbox (336.78088pt too wide) in paragraph at lines 377--377
 []\T1/pcr/m/n/10 fit2stageGAMtoCatch(input = pslf, which.species = "bft", star
t.year = 1950, end.year = 2015, which.flag = "Japan", kk = 6)[] 

Overfull \hbox (187.98022pt too wide) in paragraph at lines 426--426
 []\T1/pcr/m/n/9 #alb <- fit2stageGAMtoCatch(input=lllf,which.flag=\TS1/pcr/m/n
/9 '\T1/pcr/m/n/9 Japan\TS1/pcr/m/n/9 '\T1/pcr/m/n/9 ,which.species=\TS1/pcr/m/
n/9 '\T1/pcr/m/n/9 alb\TS1/pcr/m/n/9 '\T1/pcr/m/n/9 ,start.year=1995,end.year=2
010)[] 
[9]
Underfull \vbox (badness 3803) has occurred while \output is active [10]
(/usr/share/texlive/texmf-dist/tex/latex/base/utf8.def)
Overfull \hbox (330.78088pt too wide) in paragraph at lines 513--513
 []\T1/pcr/m/n/10 fitGAMtoEffort(input = lllf, which.flag = "Japan", which.effo
rt = "NO.HOOKS", start.year = 1950, end.year = 2010, kk = 6)[] 
[11]
Overfull \hbox (268.98013pt too wide) in paragraph at lines 565--565
 []\T1/pcr/m/n/9 emod <- fitGAMtoEffort(input=lllf,which.flag=\TS1/pcr/m/n/9 '\
T1/pcr/m/n/9 Japan\TS1/pcr/m/n/9 '\T1/pcr/m/n/9 ,which.effort=\TS1/pcr/m/n/9 '\
T1/pcr/m/n/9 NO.HOOKS\TS1/pcr/m/n/9 '\T1/pcr/m/n/9 ,start.year=1970,end.year=20
10,which.gam=\TS1/pcr/m/n/9 '\T1/pcr/m/n/9 gam\TS1/pcr/m/n/9 '\T1/pcr/m/n/9 )[]
 

Overfull \hbox (42.18039pt too wide) in paragraph at lines 586--586
 []    \T1/pcr/m/n/9 input2 <- aggregate(list(eff1 = input1$eff1), by = list(tr
end = input1$trend,[] 

Overfull \hbox (79.98035pt too wide) in paragraph at lines 587--587
 []        \T1/pcr/m/n/9 month = input1$month, longitude = input1$longitude, la
titude = input1$latitude),[] 
[12]
Overfull \hbox (101.58032pt too wide) in paragraph at lines 604--604
 []        \T1/pcr/m/n/9 sin3 + cos3 + sin4 + cos4 + sin5 + cos5 + cos6, family
 = quasipoisson(link = "log"),[] 
(/usr/share/texlive/texmf-dist/tex/latex/base/utf8.def)
Overfull \hbox (390.78088pt too wide) in paragraph at lines 622--622
 []\T1/pcr/m/n/10 get.effdis.t1.data(which.dsn = "effdis-tuna-cc1", which.gear 
= "LL", which.region = "AT", which.flag = "All", which.datatype = "C")[] 
[13]
Overfull \hbox (220.38019pt too wide) in paragraph at lines 682--682
 []\T1/pcr/m/n/9 #ll.t1 <- get.effdis.t1.data.r(which.dsn=\TS1/pcr/m/n/9 '\T1/p
cr/m/n/9 effdis-tuna-cc1\TS1/pcr/m/n/9 '\T1/pcr/m/n/9 ,which.gear = \TS1/pcr/m/
n/9 '\T1/pcr/m/n/9 LL\TS1/pcr/m/n/9 '\T1/pcr/m/n/9 ,which.region=\TS1/pcr/m/n/9
 '\T1/pcr/m/n/9 AT\TS1/pcr/m/n/9 '\T1/pcr/m/n/9 ,which.flag=\TS1/pcr/m/n/9 '\T1
/pcr/m/n/9 Japan\TS1/pcr/m/n/9 '\T1/pcr/m/n/9 )[] 
(/usr/share/texlive/texmf-dist/tex/latex/base/utf8.def)
Overfull \hbox (396.78088pt too wide) in paragraph at lines 698--698
 []\T1/pcr/m/n/10 get.effdis.t2.data(which.dsn = "effdis-tuna-cc1", which.gear 
= "LL", which.region = "AT", which.flag = "All", which.dsettype = "-w")[] 
[14]
Overfull \hbox (204.1802pt too wide) in paragraph at lines 757--757
 []\T1/pcr/m/n/9 #llnw <- get.effdis.t2.data(which.dsn=\TS1/pcr/m/n/9 '\T1/pcr/
m/n/9 effdis-tuna-cc1\TS1/pcr/m/n/9 '\T1/pcr/m/n/9 ,which.gear=\TS1/pcr/m/n/9 '
\T1/pcr/m/n/9 LL\TS1/pcr/m/n/9 '\T1/pcr/m/n/9 ,which.flag=\TS1/pcr/m/n/9 '\T1/p
cr/m/n/9 All\TS1/pcr/m/n/9 '\T1/pcr/m/n/9 ,which.dsettype = \TS1/pcr/m/n/9 '\T1
/pcr/m/n/9 nw\TS1/pcr/m/n/9 '\T1/pcr/m/n/9 )[] 
(/usr/share/texlive/texmf-dist/tex/latex/base/utf8.def) [15]
(/usr/share/texlive/texmf-dist/tex/latex/base/utf8.def)
Overfull \hbox (48.78088pt too wide) in paragraph at lines 819--819
 []\T1/pcr/m/n/10 model.nos.kgs(input = pslf, which.dsn = "effdis-local", which
.gear = "LL")[] 

Overfull \hbox (69.18036pt too wide) in paragraph at lines 847--847
 []        \T1/pcr/m/n/9 by = list(trend = input$trend, month = input$month, fl
agname = input$flagname,[] 
[16]
Overfull \hbox (25.98041pt too wide) in paragraph at lines 856--856
 []    \T1/pcr/m/n/9 xyplot(log(measured_catch_kg) ~ log(measured_catch_nr), gr
oups = flagname,[] 

Overfull \hbox (47.58038pt too wide) in paragraph at lines 866--866
 []    \T1/pcr/m/n/9 m3 <- lm(lkg ~ lnr + trend + species, data = pp0_kg_nr, na
.action = "na.omit")[] 
(/usr/share/texlive/texmf-dist/tex/latex/base/utf8.def)
Overfull \hbox (528.78088pt too wide) in paragraph at lines 880--880
 []\T1/pcr/m/n/10 plot.mods(input = bft.aa, cmod = bft, which.year = 1995, whic
h.month = 1, grid.res = 5, which.value = "prob", which.gear = "PS", plot.sample
s.only = TRUE)[] 

Overfull \hbox (58.38037pt too wide) in paragraph at lines 921--921
 []    \T1/pcr/m/n/9 grid.res = 5, which.value = "prob", which.gear = "PS", plo
t.samples.only = TRUE)[] 
[17]
Overfull \hbox (63.78036pt too wide) in paragraph at lines 943--943
 []        \T1/pcr/m/n/9 title(paste(toupper(which.species), "-", which.value, 
month.abb[which.month],[] 

Overfull \hbox (15.18042pt too wide) in paragraph at lines 954--954
 []        \T1/pcr/m/n/9 image(lonnie, lattie, matrix(log(input[, which.value])
[input$year ==[] 

Overfull \hbox (25.98041pt too wide) in paragraph at lines 957--957
 []        \T1/pcr/m/n/9 contour(lonnie, lattie, matrix(log(input[, which.value
])[input$year ==[] 

Overfull \hbox (63.78036pt too wide) in paragraph at lines 961--961
 []        \T1/pcr/m/n/9 title(paste(toupper(which.species), "-", which.value, 
month.abb[which.month],[] 

Underfull \vbox (badness 3803) has occurred while \output is active [18]
(/usr/share/texlive/texmf-dist/tex/latex/base/utf8.def)
Overfull \hbox (438.78088pt too wide) in paragraph at lines 978--978
 []\T1/pcr/m/n/10 predict.effdis.t2.data(cmod = mods, effmod = emod, grid.res =
 5, start.year = 1995, end.year = 2010, which.flag = "All", which.gear = "LL")[
] 

Overfull \hbox (31.3804pt too wide) in paragraph at lines 1035--1035
 []        \T1/pcr/m/n/9 latitude = rep(grd$latitude, ltrnd), which.ocean = rep
(grd$which.ocean,[] 
[19] (/usr/share/texlive/texmf-dist/tex/latex/base/utf8.def) [20]
(/usr/share/texlive/texmf-dist/tex/latex/base/utf8.def)
Overfull \hbox (492.78088pt too wide) in paragraph at lines 1134--1134
 []\T1/pcr/m/n/10 spatial.coverage.by.year.task2(tdata = t2ce, start.year = 195
0, end.year = 2010, which.region = "AT", which.gear = "LL", which.flag = "EU.Po
rtugal")[] 
[21]
Overfull \hbox (36.7804pt too wide) in paragraph at lines 1168--1168
 []\T1/pcr/m/n/9 function (tdata = t2ce, start.year = 1950, end.year = 2010, wh
ich.region = "AT",[] 
(/usr/share/texlive/texmf-dist/tex/latex/base/utf8.def)
Overfull \hbox (654.78088pt too wide) in paragraph at lines 1206--1206
 []\T1/pcr/m/n/10 three.d.catch.by.year(tdata = task2.lf, what.gear = "LL", wha
t.year = 2005, gridx = 5, gridy = 5, what.species = "alb", what.flag = "All", c
atchunit = "kg", scaling.f = 1e+06)[] 
[22]
Overfull \hbox (4.38043pt too wide) in paragraph at lines 1255--1255
 []            \T1/pcr/m/n/9 13 & tdata$year == what.year & tdata$species == wh
at.species &[] 

Overfull \hbox (4.38043pt too wide) in paragraph at lines 1260--1260
 []            \T1/pcr/m/n/9 13 & tdata$year == what.year & tdata$species == wh
at.species &[] 

Overfull \hbox (15.18042pt too wide) in paragraph at lines 1270--1270
 []        \T1/pcr/m/n/9 coords <- SpatialPointsDataFrame(cbind(x = an(ac(tdata
1$longitude)),[] 
[23]
Overfull \hbox (15.18042pt too wide) in paragraph at lines 1273--1273
 []        \T1/pcr/m/n/9 geogWGS84 <- CRS("+proj=longlat +ellps=WGS84 +datum=WG
S84 +no_defs")[] 

Overfull \hbox (20.58041pt too wide) in paragraph at lines 1292--1292
 []            \T1/pcr/m/n/9 ceiling(range(bbox["x", ])[2])), yrange = c(floor(
range(bbox["y",[] 

Overfull \hbox (4.38043pt too wide) in paragraph at lines 1300--1300
 []        \T1/pcr/m/n/9 grd@data[names(table(idx)), 1] <- aggregate(tdata1$mea
sured_catch,[] 

Overfull \hbox (52.98038pt too wide) in paragraph at lines 1309--1309
 []        \T1/pcr/m/n/9 plot(1, 1, col = "white", xlim = spatBound$xrange, yli
m = spatBound$yrange,[] 

Overfull \hbox (85.38034pt too wide) in paragraph at lines 1311--1311
 []            \T1/pcr/m/n/9 cex.lab = xl$cex, font = xl$font, asp = 1/lonLatRa
tio(mean(spatBound$xrange),[] 

Overfull \hbox (42.18039pt too wide) in paragraph at lines 1314--1314
 []        \T1/pcr/m/n/9 grdPols <- lonLat2SpatialPolygons(lst = lapply(as.list
(1:nrow(coordGrd)),[] 

Underfull \vbox (badness 10000) has occurred while \output is active [24]
Overfull \hbox (15.18042pt too wide) in paragraph at lines 1333--1333
 []        \T1/pcr/m/n/9 grdPolsDF@data <- data.frame(value = grd@data[an(names
(table(idx))),[] 
(/usr/share/texlive/texmf-dist/tex/latex/base/utf8.def)
Overfull \hbox (576.78088pt too wide) in paragraph at lines 1347--1347
 []\T1/pcr/m/n/10 three.d.effort.by.year(tdata = task2.lf, what.gear = "LL", wh
at.year = 2005, gridx = 5, gridy = 5, effort.type = "NO.HOOKS", what.flag = "Al
l", scaling.f = 1e+06)[] 
[25]
Overfull \hbox (15.18042pt too wide) in paragraph at lines 1413--1413
 []        \T1/pcr/m/n/9 coords <- SpatialPointsDataFrame(cbind(x = an(ac(tdata
2$longitude)),[] 

Overfull \hbox (15.18042pt too wide) in paragraph at lines 1416--1416
 []        \T1/pcr/m/n/9 geogWGS84 <- CRS("+proj=longlat +ellps=WGS84 +datum=WG
S84 +no_defs")[] 

Overfull \hbox (20.58041pt too wide) in paragraph at lines 1435--1435
 []            \T1/pcr/m/n/9 ceiling(range(bbox["x", ])[2])), yrange = c(floor(
range(bbox["y",[] 

Underfull \vbox (badness 10000) has occurred while \output is active [26]
Overfull \hbox (52.98038pt too wide) in paragraph at lines 1452--1452
 []        \T1/pcr/m/n/9 plot(1, 1, col = "white", xlim = spatBound$xrange, yli
m = spatBound$yrange,[] 

Overfull \hbox (85.38034pt too wide) in paragraph at lines 1454--1454
 []            \T1/pcr/m/n/9 cex.lab = xl$cex, font = xl$font, asp = 1/lonLatRa
tio(mean(spatBound$xrange),[] 

Overfull \hbox (42.18039pt too wide) in paragraph at lines 1457--1457
 []        \T1/pcr/m/n/9 grdPols <- lonLat2SpatialPolygons(lst = lapply(as.list
(1:nrow(coordGrd)),[] 

Overfull \hbox (15.18042pt too wide) in paragraph at lines 1476--1476
 []        \T1/pcr/m/n/9 grdPolsDF@data <- data.frame(value = grd@data[an(names
(table(idx))),[] 
(/usr/share/texlive/texmf-dist/tex/latex/base/utf8.def) [27]
(/usr/share/texlive/texmf-dist/tex/latex/base/utf8.def)
Overfull \hbox (450.78088pt too wide) in paragraph at lines 1530--1530
 []\T1/pcr/m/n/10 yr.month.coverage.task2(tdata = t2ce, start.year = 1950, end.
year = 2010, which.gear = "LL", which.region = "AT", which.flag = "EU.Portugal"
)[] 

Overfull \hbox (25.98041pt too wide) in paragraph at lines 1564--1564
 []\T1/pcr/m/n/9 function (tdata = t2ce, start.year = 1950, end.year = 2010, wh
ich.gear = "LL",[] 
[28]
Overfull \hbox (96.18033pt too wide) in paragraph at lines 1592--1592
 []        \T1/pcr/m/n/9 axis(side = 1, at = start.year:end.year, label = as.ch
aracter(start.year:end.year))[] 
[29] (./Rd2.aux) )
(see the transcript file for additional information){/usr/share/texlive/texmf-d
ist/fonts/enc/dvips/base/8r.enc}</usr/share/texlive/texmf-dist/fonts/type1/urw/
courier/ucrr8a.pfb></usr/share/texlive/texmf-dist/fonts/type1/urw/helvetic/uhvr
8a.pfb></usr/share/texlive/texmf-dist/fonts/type1/urw/times/utmb8a.pfb></usr/sh
are/texlive/texmf-dist/fonts/type1/urw/times/utmr8a.pfb></usr/share/texlive/tex
mf-dist/fonts/type1/urw/times/utmr8a.pfb></usr/share/texlive/texmf-dist/fonts/t
ype1/urw/times/utmri8a.pfb>
Output written on Rd2.pdf (29 pages, 116988 bytes).
Transcript written on Rd2.log.
Saving output to 'effdisR-manual.pdf' ...
Done
You may want to clean up by 'rm -rf /tmp/Rtmp3BX0hu/Rd2pdf121f2453a87f'
